1599969981853	geckodriver	INFO	Listening on 127.0.0.1:46099
1599969981864	mozrunner::runner	INFO	Running command: "/usr/bin/firefox" "--marionette" "-foreground" "-no-remote" "-profile" "/tmp/rust_mozprofileEIhyiu"
1599969987091	Marionette	INFO	Listening on port 33867
1599969987188	Marionette	WARN	TLS certificate errors will be ignored for this session
1599970010846	Marionette	INFO	Stopped listening on port 33867
1599970124385	geckodriver	INFO	Listening on 127.0.0.1:37567
1599970124398	mozrunner::runner	INFO	Running command: "/usr/bin/firefox" "--marionette" "-foreground" "-no-remote" "-profile" "/tmp/rust_mozprofilexG5rOk"
1599970129738	Marionette	INFO	Listening on port 46571
1599970129841	Marionette	WARN	TLS certificate errors will be ignored for this session
1599970161098	Marionette	INFO	Stopped listening on port 46571
1599970239625	geckodriver	INFO	Listening on 127.0.0.1:40671
1599970239637	mozrunner::runner	INFO	Running command: "/usr/bin/firefox" "--marionette" "-foreground" "-no-remote" "-profile" "/tmp/rust_mozprofilei1L3xk"
1599970244778	Marionette	INFO	Listening on port 42759
1599970244861	Marionette	WARN	TLS certificate errors will be ignored for this session
1599970246660	Marionette	WARN	TimedPromise timed out after 500 ms: stacktrace:
TimedPromise/<@chrome://marionette/content/sync.js:245:13
TimedPromise@chrome://marionette/content/sync.js:230:10
interaction.flushEventLoop@chrome://marionette/content/interaction.js:416:10
webdriverClickElement@chrome://marionette/content/interaction.js:182:31
1599970276777	Marionette	INFO	Stopped listening on port 42759
1599975392153	geckodriver	INFO	Listening on 127.0.0.1:34871
1599975392165	mozrunner::runner	INFO	Running command: "/usr/bin/firefox" "--marionette" "-foreground" "-no-remote" "-profile" "/tmp/rust_mozprofileRHSChi"
1599975397379	Marionette	INFO	Listening on port 43053
1599975397398	Marionette	WARN	TLS certificate errors will be ignored for this session
1599975401379	Marionette	WARN	TimedPromise timed out after 500 ms: stacktrace:
TimedPromise/<@chrome://marionette/content/sync.js:245:13
TimedPromise@chrome://marionette/content/sync.js:230:10
interaction.flushEventLoop@chrome://marionette/content/interaction.js:416:10
webdriverClickElement@chrome://marionette/content/interaction.js:182:31
1599975431656	Marionette	INFO	Stopped listening on port 43053
1599976288100	geckodriver	INFO	Listening on 127.0.0.1:53835
1599976288112	mozrunner::runner	INFO	Running command: "/usr/bin/firefox" "--marionette" "-foreground" "-no-remote" "-profile" "/tmp/rust_mozprofilel782sM"
1599976293783	Marionette	INFO	Listening on port 46353
1599976293841	Marionette	WARN	TLS certificate errors will be ignored for this session
1599976299791	Marionette	WARN	TimedPromise timed out after 500 ms: stacktrace:
TimedPromise/<@chrome://marionette/content/sync.js:245:13
TimedPromise@chrome://marionette/content/sync.js:230:10
interaction.flushEventLoop@chrome://marionette/content/interaction.js:416:10
webdriverClickElement@chrome://marionette/content/interaction.js:182:31
1599976330112	Marionette	INFO	Stopped listening on port 46353
JavaScript error: resource://gre/modules/Prompter.jsm, line 1189: NS_ERROR_NOT_AVAILABLE: prompt aborted by user
1599980613292	geckodriver	INFO	Listening on 127.0.0.1:40915
1599980613305	mozrunner::runner	INFO	Running command: "/usr/bin/firefox" "--marionette" "-foreground" "-no-remote" "-profile" "/tmp/rust_mozprofileygST05"
1599980618448	Marionette	INFO	Listening on port 33883
1599980618532	Marionette	WARN	TLS certificate errors will be ignored for this session
1599980620693	Marionette	WARN	TimedPromise timed out after 500 ms: stacktrace:
TimedPromise/<@chrome://marionette/content/sync.js:245:13
TimedPromise@chrome://marionette/content/sync.js:230:10
interaction.flushEventLoop@chrome://marionette/content/interaction.js:416:10
webdriverClickElement@chrome://marionette/content/interaction.js:182:31
1599980651022	Marionette	INFO	Stopped listening on port 33883
JavaScript error: resource://gre/modules/Prompter.jsm, line 1189: NS_ERROR_NOT_AVAILABLE: prompt aborted by user
1599983984674	geckodriver	INFO	Listening on 127.0.0.1:59457
1599983984686	mozrunner::runner	INFO	Running command: "/usr/bin/firefox" "--marionette" "-foreground" "-no-remote" "-profile" "/tmp/rust_mozprofileDESIiy"
1599983989396	Marionette	INFO	Listening on port 45125
1599983989419	Marionette	WARN	TLS certificate errors will be ignored for this session
1599984006971	Marionette	INFO	Stopped listening on port 45125
1599984331314	geckodriver	INFO	Listening on 127.0.0.1:36721
1599984331327	mozrunner::runner	INFO	Running command: "/usr/bin/firefox" "--marionette" "-foreground" "-no-remote" "-profile" "/tmp/rust_mozprofileeruNkq"
1599984336572	Marionette	INFO	Listening on port 42093
1599984336658	Marionette	WARN	TLS certificate errors will be ignored for this session
1599984353168	Marionette	INFO	Stopped listening on port 42093
1599984507051	geckodriver	INFO	Listening on 127.0.0.1:59109
1599984507063	mozrunner::runner	INFO	Running command: "/usr/bin/firefox" "--marionette" "-foreground" "-no-remote" "-profile" "/tmp/rust_mozprofile5MWPrp"
1599984512999	Marionette	INFO	Listening on port 42095
1599984513088	Marionette	WARN	TLS certificate errors will be ignored for this session
1599984528735	Marionette	INFO	Stopped listening on port 42095
1599985303234	geckodriver	INFO	Listening on 127.0.0.1:52803
1599985303247	mozrunner::runner	INFO	Running command: "/usr/bin/firefox" "--marionette" "-foreground" "-no-remote" "-profile" "/tmp/rust_mozprofilewPavss"
1599985308615	Marionette	INFO	Listening on port 36671
1599985308679	Marionette	WARN	TLS certificate errors will be ignored for this session
1599985320636	Marionette	INFO	Stopped listening on port 36671
1599985510186	geckodriver	INFO	Listening on 127.0.0.1:40997
1599985510199	mozrunner::runner	INFO	Running command: "/usr/bin/firefox" "--marionette" "-foreground" "-no-remote" "-profile" "/tmp/rust_mozprofiletifn7q"
1599985515026	Marionette	INFO	Listening on port 42913
1599985515122	Marionette	WARN	TLS certificate errors will be ignored for this session
1599985539241	Marionette	INFO	Stopped listening on port 42913
1599985544443	geckodriver	INFO	Listening on 127.0.0.1:44551
1599985544455	mozrunner::runner	INFO	Running command: "/usr/bin/firefox" "--marionette" "-foreground" "-no-remote" "-profile" "/tmp/rust_mozprofiletxXkwz"
1599985549500	Marionette	INFO	Listening on port 44009
1599985549578	Marionette	WARN	TLS certificate errors will be ignored for this session
1599985561325	Marionette	INFO	Stopped listening on port 44009
1599985979034	geckodriver	INFO	Listening on 127.0.0.1:52731
1599985979047	mozrunner::runner	INFO	Running command: "/usr/bin/firefox" "--marionette" "-foreground" "-no-remote" "-profile" "/tmp/rust_mozprofile2OefNv"
1599985984539	Marionette	INFO	Listening on port 38711
1599985984573	Marionette	WARN	TLS certificate errors will be ignored for this session
1599985990769	Marionette	INFO	Stopped listening on port 38711
1599986201944	geckodriver	INFO	Listening on 127.0.0.1:45401
1599986201956	mozrunner::runner	INFO	Running command: "/usr/bin/firefox" "--marionette" "-foreground" "-no-remote" "-profile" "/tmp/rust_mozprofilePKTOlW"
1599986207190	Marionette	INFO	Listening on port 40263
1599986207286	Marionette	WARN	TLS certificate errors will be ignored for this session
1599986218635	Marionette	INFO	Stopped listening on port 40263
1599986251038	geckodriver	INFO	Listening on 127.0.0.1:54499
1599986251052	mozrunner::runner	INFO	Running command: "/usr/bin/firefox" "--marionette" "-foreground" "-no-remote" "-profile" "/tmp/rust_mozprofileZveqn0"
1599986256316	Marionette	INFO	Listening on port 39151
1599986256382	Marionette	WARN	TLS certificate errors will be ignored for this session
1599986262987	Marionette	INFO	Stopped listening on port 39151
1599986502131	geckodriver	INFO	Listening on 127.0.0.1:37559
1599986502144	mozrunner::runner	INFO	Running command: "/usr/bin/firefox" "--marionette" "-foreground" "-no-remote" "-profile" "/tmp/rust_mozprofilebCaTgn"
1599986507681	Marionette	INFO	Listening on port 45491
1599986507765	Marionette	WARN	TLS certificate errors will be ignored for this session
1599986520702	Marionette	INFO	Stopped listening on port 45491
1599986537868	geckodriver	INFO	Listening on 127.0.0.1:37763
1599986537880	mozrunner::runner	INFO	Running command: "/usr/bin/firefox" "--marionette" "-foreground" "-no-remote" "-profile" "/tmp/rust_mozprofileFVIqTA"
1599986543104	Marionette	INFO	Listening on port 38439
1599986543206	Marionette	WARN	TLS certificate errors will be ignored for this session
1599986554212	Marionette	INFO	Stopped listening on port 38439
1600170575570	geckodriver	INFO	Listening on 127.0.0.1:39569
1600170576587	mozrunner::runner	INFO	Running command: "/usr/bin/firefox" "--marionette" "-foreground" "-no-remote" "-profile" "/tmp/rust_mozprofile7LH8o5"
1600170581517	Marionette	INFO	Listening on port 41891
1600170581611	Marionette	WARN	TLS certificate errors will be ignored for this session
console.error: "Store does not have a valid reducer. Make sure the argument passed to combineReducers is an object whose values are reducers."
1600170774015	Marionette	INFO	Stopped listening on port 41891
1600170860843	geckodriver	INFO	Listening on 127.0.0.1:51625
1600170860856	mozrunner::runner	INFO	Running command: "/usr/bin/firefox" "--marionette" "-foreground" "-no-remote" "-profile" "/tmp/rust_mozprofileI6kGpT"
JavaScript error: resource://gre/modules/URIFixup.jsm, line 281: NS_ERROR_FAILURE: Should pass a non-null uri
1600170866126	Marionette	INFO	Listening on port 42151
1600170866183	Marionette	WARN	TLS certificate errors will be ignored for this session
1600170869450	Marionette	INFO	Stopped listening on port 42151
1600170886950	geckodriver	INFO	Listening on 127.0.0.1:40589
1600170886963	mozrunner::runner	INFO	Running command: "/usr/bin/firefox" "--marionette" "-foreground" "-no-remote" "-profile" "/tmp/rust_mozprofilewJweb1"
1600170892036	Marionette	INFO	Listening on port 33933
1600170892088	Marionette	WARN	TLS certificate errors will be ignored for this session
1600170909079	Marionette	INFO	Stopped listening on port 33933
1600171006854	geckodriver	INFO	Listening on 127.0.0.1:42783
1600171006866	mozrunner::runner	INFO	Running command: "/usr/bin/firefox" "--marionette" "-foreground" "-no-remote" "-profile" "/tmp/rust_mozprofilexpaVFG"
1600171011873	Marionette	INFO	Listening on port 40333
1600171011891	Marionette	WARN	TLS certificate errors will be ignored for this session
1600171045592	Marionette	INFO	Stopped listening on port 40333
1600171282386	geckodriver	INFO	Listening on 127.0.0.1:58975
1600171282399	mozrunner::runner	INFO	Running command: "/usr/bin/firefox" "--marionette" "-foreground" "-no-remote" "-profile" "/tmp/rust_mozprofilen6OtYo"
1600171287353	Marionette	INFO	Listening on port 36443
1600171287423	Marionette	WARN	TLS certificate errors will be ignored for this session
1600171320997	Marionette	INFO	Stopped listening on port 36443
1600171350592	geckodriver	INFO	Listening on 127.0.0.1:38611
1600171350605	mozrunner::runner	INFO	Running command: "/usr/bin/firefox" "--marionette" "-foreground" "-no-remote" "-profile" "/tmp/rust_mozprofile5GIoFA"
JavaScript error: resource:///modules/UrlbarInput.jsm, line 2164: TypeError: event.target.closest is not a function
JavaScript error: resource://gre/modules/URIFixup.jsm, line 281: NS_ERROR_FAILURE: Should pass a non-null uri
1600171355919	Marionette	INFO	Listening on port 35991
1600171355935	Marionette	WARN	TLS certificate errors will be ignored for this session
1600171394793	geckodriver	INFO	Listening on 127.0.0.1:57579
1600171394805	mozrunner::runner	INFO	Running command: "/usr/bin/firefox" "--marionette" "-foreground" "-no-remote" "-profile" "/tmp/rust_mozprofileNpZiXk"
1600171400007	Marionette	INFO	Listening on port 36455
1600171400037	Marionette	WARN	TLS certificate errors will be ignored for this session
1600171402061	Marionette	WARN	TimedPromise timed out after 500 ms: stacktrace:
TimedPromise/<@chrome://marionette/content/sync.js:245:13
TimedPromise@chrome://marionette/content/sync.js:230:10
interaction.flushEventLoop@chrome://marionette/content/interaction.js:416:10
webdriverClickElement@chrome://marionette/content/interaction.js:182:31
1600171419648	Marionette	INFO	Stopped listening on port 36455
1600175058485	geckodriver	INFO	Listening on 127.0.0.1:34227
1600175058499	mozrunner::runner	INFO	Running command: "/usr/bin/firefox" "--marionette" "-foreground" "-no-remote" "-profile" "/tmp/rust_mozprofilew2cRbk"
1600175063428	Marionette	INFO	Listening on port 44963
1600175063554	Marionette	WARN	TLS certificate errors will be ignored for this session
1600175066641	Marionette	WARN	TimedPromise timed out after 500 ms: stacktrace:
TimedPromise/<@chrome://marionette/content/sync.js:245:13
TimedPromise@chrome://marionette/content/sync.js:230:10
interaction.flushEventLoop@chrome://marionette/content/interaction.js:416:10
webdriverClickElement@chrome://marionette/content/interaction.js:182:31
1600175075444	Marionette	INFO	Stopped listening on port 44963
1600175426678	geckodriver	INFO	Listening on 127.0.0.1:49093
1600175426695	mozrunner::runner	INFO	Running command: "/usr/bin/firefox" "--marionette" "-foreground" "-no-remote" "-profile" "/tmp/rust_mozprofileBCUtv3"
1600175436905	Marionette	INFO	Listening on port 39567
1600175436984	Marionette	WARN	TLS certificate errors will be ignored for this session
1600175479757	geckodriver	INFO	Listening on 127.0.0.1:42597
1600175479769	mozrunner::runner	INFO	Running command: "/usr/bin/firefox" "--marionette" "-foreground" "-no-remote" "-profile" "/tmp/rust_mozprofile19Iv52"
1600175484826	Marionette	INFO	Listening on port 42411
1600175484891	Marionette	WARN	TLS certificate errors will be ignored for this session
1600175522515	Marionette	INFO	Stopped listening on port 42411
1600175746679	geckodriver	INFO	Listening on 127.0.0.1:47317
1600175746693	mozrunner::runner	INFO	Running command: "/usr/bin/firefox" "--marionette" "-foreground" "-no-remote" "-profile" "/tmp/rust_mozprofile21OIJc"
1600175753877	Marionette	INFO	Listening on port 33691
1600175753943	Marionette	WARN	TLS certificate errors will be ignored for this session
1600175778435	geckodriver	INFO	Listening on 127.0.0.1:60685
1600175779446	mozrunner::runner	INFO	Running command: "/usr/bin/firefox" "--marionette" "-foreground" "-no-remote" "-profile" "/tmp/rust_mozprofileMtKXzP"
1600175786841	Marionette	INFO	Listening on port 42731
1600175786951	Marionette	WARN	TLS certificate errors will be ignored for this session
JavaScript error: https://masterh5.adriver.ru/images/0006727/0006727616/0/left.html?html_params=xpid%3DDNYZXLeLiCtuJaU5M_QakNmH3nSbDJb_HplI2Cy64vZvRhqUclgacj4JtVstzuWCuVfFKRpPZxlqM2-Kp2pJBTChF%26target%3D_blank%26bid%3D6727616%26sid%3D220545%26width%3D100%2525%26height%3D100%2525%26rnd%3D5328541%26pz%3D0%26ad%3D694734%26bt%3D52%26bn%3D3%26ar_sliceid%3D2432406%26ntype%3D0%26nid%3D0%26ar_geoid%3D378%26url%3D//ad.adriver.ru/cgi-bin/click.cgi%253Fsid%253D220545%2526ad%253D694734%2526bid%253D6727616%2526bt%253D52%2526bn%253D3%2526pz%253D0%2526xpid%253DDNYZXLeLiCtuJaU5M_QakNmH3nSbDJb_HplI2Cy64vZvRhqUclgacj4JtVstzuWCuVfFKRpPZxlqM2-Kp2pJBTChF%2526ref%253Dhttps%253A%25252f%25252ftap.az%25252felanlar%25253futf8%25253d%252525E2%2525259C%25252593%252526log%25253dtrue%252526keywords%25253dvelosiped%252526q%2525255Bregion_id%2525255D%25253d%2526custom%253D%2526rleurl%253D%26CompPath%3Dhttps%253A//masterh5.adriver.ru/images/0006727/0006727616/0/%26ar_pass%3D, line 1012: TypeError: this.mb2 is undefined
JavaScript error: https://masterh5.adriver.ru/images/0006727/0006727616/0/right.html?html_params=xpid%3DDNYZXLeLiCtuJaU5M_QakNmH3nSbDJb_HplI2Cy64vZvRhqUclgacj4JtVstzuWCuVfFKRpPZxlqM2-Kp2pJBTChF%26target%3D_blank%26bid%3D6727616%26sid%3D220545%26width%3D100%2525%26height%3D100%2525%26rnd%3D5328541%26pz%3D0%26ad%3D694734%26bt%3D52%26bn%3D3%26ar_sliceid%3D2432406%26ntype%3D0%26nid%3D0%26ar_geoid%3D378%26url%3D//ad.adriver.ru/cgi-bin/click.cgi%253Fsid%253D220545%2526ad%253D694734%2526bid%253D6727616%2526bt%253D52%2526bn%253D3%2526pz%253D0%2526xpid%253DDNYZXLeLiCtuJaU5M_QakNmH3nSbDJb_HplI2Cy64vZvRhqUclgacj4JtVstzuWCuVfFKRpPZxlqM2-Kp2pJBTChF%2526ref%253Dhttps%253A%25252f%25252ftap.az%25252felanlar%25253futf8%25253d%252525E2%2525259C%25252593%252526log%25253dtrue%252526keywords%25253dvelosiped%252526q%2525255Bregion_id%2525255D%25253d%2526custom%253D%2526rleurl%253D%26CompPath%3Dhttps%253A//masterh5.adriver.ru/images/0006727/0006727616/0/%26ar_pass%3D, line 1012: TypeError: this.mb2 is undefined
JavaScript error: https://masterh5.adriver.ru/images/0006727/0006727616/0/left.html?html_params=xpid%3DDNYZXLeLiCtuJaU5M_QakNmH3nSbDJb_HplI2Cy64vZvRhqUclgacj4JtVstzuWCuVfFKRpPZxlqM2-Kp2pJBTChF%26target%3D_blank%26bid%3D6727616%26sid%3D220545%26width%3D100%2525%26height%3D100%2525%26rnd%3D5328541%26pz%3D0%26ad%3D694734%26bt%3D52%26bn%3D3%26ar_sliceid%3D2432406%26ntype%3D0%26nid%3D0%26ar_geoid%3D378%26url%3D//ad.adriver.ru/cgi-bin/click.cgi%253Fsid%253D220545%2526ad%253D694734%2526bid%253D6727616%2526bt%253D52%2526bn%253D3%2526pz%253D0%2526xpid%253DDNYZXLeLiCtuJaU5M_QakNmH3nSbDJb_HplI2Cy64vZvRhqUclgacj4JtVstzuWCuVfFKRpPZxlqM2-Kp2pJBTChF%2526ref%253Dhttps%253A%25252f%25252ftap.az%25252felanlar%25253futf8%25253d%252525E2%2525259C%25252593%252526log%25253dtrue%252526keywords%25253dvelosiped%252526q%2525255Bregion_id%2525255D%25253d%2526custom%253D%2526rleurl%253D%26CompPath%3Dhttps%253A//masterh5.adriver.ru/images/0006727/0006727616/0/%26ar_pass%3D, line 1028: TypeError: this.mb2 is undefined
JavaScript error: https://masterh5.adriver.ru/images/0006727/0006727616/0/right.html?html_params=xpid%3DDNYZXLeLiCtuJaU5M_QakNmH3nSbDJb_HplI2Cy64vZvRhqUclgacj4JtVstzuWCuVfFKRpPZxlqM2-Kp2pJBTChF%26target%3D_blank%26bid%3D6727616%26sid%3D220545%26width%3D100%2525%26height%3D100%2525%26rnd%3D5328541%26pz%3D0%26ad%3D694734%26bt%3D52%26bn%3D3%26ar_sliceid%3D2432406%26ntype%3D0%26nid%3D0%26ar_geoid%3D378%26url%3D//ad.adriver.ru/cgi-bin/click.cgi%253Fsid%253D220545%2526ad%253D694734%2526bid%253D6727616%2526bt%253D52%2526bn%253D3%2526pz%253D0%2526xpid%253DDNYZXLeLiCtuJaU5M_QakNmH3nSbDJb_HplI2Cy64vZvRhqUclgacj4JtVstzuWCuVfFKRpPZxlqM2-Kp2pJBTChF%2526ref%253Dhttps%253A%25252f%25252ftap.az%25252felanlar%25253futf8%25253d%252525E2%2525259C%25252593%252526log%25253dtrue%252526keywords%25253dvelosiped%252526q%2525255Bregion_id%2525255D%25253d%2526custom%253D%2526rleurl%253D%26CompPath%3Dhttps%253A//masterh5.adriver.ru/images/0006727/0006727616/0/%26ar_pass%3D, line 1028: TypeError: this.mb2 is undefined
1600175831420	Marionette	INFO	Stopped listening on port 42731
1600237099274	geckodriver	INFO	Listening on 127.0.0.1:54441
1600237099289	mozrunner::runner	INFO	Running command: "/usr/bin/firefox" "--marionette" "-foreground" "-no-remote" "-profile" "/tmp/rust_mozprofileNQAeIo"
1600237104537	Marionette	INFO	Listening on port 37245
1600237104610	Marionette	WARN	TLS certificate errors will be ignored for this session
1600237106942	Marionette	WARN	TimedPromise timed out after 500 ms: stacktrace:
TimedPromise/<@chrome://marionette/content/sync.js:245:13
TimedPromise@chrome://marionette/content/sync.js:230:10
interaction.flushEventLoop@chrome://marionette/content/interaction.js:416:10
webdriverClickElement@chrome://marionette/content/interaction.js:182:31
1600237137038	Marionette	INFO	Stopped listening on port 37245
1600240748127	geckodriver	INFO	Listening on 127.0.0.1:39985
1600240748140	mozrunner::runner	INFO	Running command: "/usr/bin/firefox" "--marionette" "-foreground" "-no-remote" "-profile" "/tmp/rust_mozprofileYUANFX"
1600240753613	Marionette	INFO	Listening on port 40759
1600240753663	Marionette	WARN	TLS certificate errors will be ignored for this session
1600240785001	Marionette	INFO	Stopped listening on port 40759
1600240810879	geckodriver	INFO	Listening on 127.0.0.1:37733
1600240810891	mozrunner::runner	INFO	Running command: "/usr/bin/firefox" "--marionette" "-foreground" "-no-remote" "-profile" "/tmp/rust_mozprofile0a6lDB"
1600240816931	Marionette	INFO	Listening on port 36989
1600240817029	Marionette	WARN	TLS certificate errors will be ignored for this session
1600240848570	Marionette	INFO	Stopped listening on port 36989
1600240910125	geckodriver	INFO	Listening on 127.0.0.1:36023
1600240910138	mozrunner::runner	INFO	Running command: "/usr/bin/firefox" "--marionette" "-foreground" "-no-remote" "-profile" "/tmp/rust_mozprofileudaJUD"
1600240915262	Marionette	INFO	Listening on port 46155
1600240915366	Marionette	WARN	TLS certificate errors will be ignored for this session
1600240946961	Marionette	INFO	Stopped listening on port 46155
1600241035762	geckodriver	INFO	Listening on 127.0.0.1:46049
1600241035774	mozrunner::runner	INFO	Running command: "/usr/bin/firefox" "--marionette" "-foreground" "-no-remote" "-profile" "/tmp/rust_mozprofilersR1kg"
1600241040740	Marionette	INFO	Listening on port 35787
1600241040801	Marionette	WARN	TLS certificate errors will be ignored for this session
1600241042888	Marionette	WARN	TimedPromise timed out after 500 ms: stacktrace:
TimedPromise/<@chrome://marionette/content/sync.js:245:13
TimedPromise@chrome://marionette/content/sync.js:230:10
interaction.flushEventLoop@chrome://marionette/content/interaction.js:416:10
webdriverClickElement@chrome://marionette/content/interaction.js:182:31
1600241073914	Marionette	INFO	Stopped listening on port 35787
JavaScript error: resource://gre/modules/Prompter.jsm, line 1189: NS_ERROR_NOT_AVAILABLE: prompt aborted by user
1600241574698	geckodriver	INFO	Listening on 127.0.0.1:34485
1600241574710	mozrunner::runner	INFO	Running command: "/usr/bin/firefox" "--marionette" "-foreground" "-no-remote" "-profile" "/tmp/rust_mozprofilehO5ufO"
1600241579745	Marionette	INFO	Listening on port 44819
1600241579841	Marionette	WARN	TLS certificate errors will be ignored for this session
1600241589361	Marionette	INFO	Stopped listening on port 44819
1600242236301	geckodriver	INFO	Listening on 127.0.0.1:32785
1600242236314	mozrunner::runner	INFO	Running command: "/usr/bin/firefox" "--marionette" "-foreground" "-no-remote" "-profile" "/tmp/rust_mozprofilez4dXrO"
1600242241427	Marionette	INFO	Listening on port 46855
1600242241453	Marionette	WARN	TLS certificate errors will be ignored for this session
1600242261345	Marionette	INFO	Stopped listening on port 46855
1600326876091	geckodriver	INFO	Listening on 127.0.0.1:42299
1600326877106	mozrunner::runner	INFO	Running command: "/usr/bin/firefox" "--marionette" "-foreground" "-no-remote" "-profile" "/tmp/rust_mozprofile7HJ1I2"
1600326886330	Marionette	INFO	Listening on port 46083
1600326886377	Marionette	WARN	TLS certificate errors will be ignored for this session
JavaScript error: chrome://browser/content/browser-customization.js, line 172: NS_ERROR_NOT_INITIALIZED: 
1600326912717	Marionette	INFO	Stopped listening on port 46083
1600327038260	geckodriver	INFO	Listening on 127.0.0.1:45219
1600327038272	mozrunner::runner	INFO	Running command: "/usr/bin/firefox" "--marionette" "-foreground" "-no-remote" "-profile" "/tmp/rust_mozprofileWPd3CZ"
1600327043636	Marionette	INFO	Listening on port 44815
1600327043699	Marionette	WARN	TLS certificate errors will be ignored for this session
1600327052532	Marionette	INFO	Stopped listening on port 44815
1600327734341	geckodriver	INFO	Listening on 127.0.0.1:45655
1600327734352	mozrunner::runner	INFO	Running command: "/usr/bin/firefox" "--marionette" "-foreground" "-no-remote" "-profile" "/tmp/rust_mozprofileAOdYhB"
1600327739983	Marionette	INFO	Listening on port 40961
1600327740011	Marionette	WARN	TLS certificate errors will be ignored for this session
1600327742468	Marionette	WARN	TimedPromise timed out after 500 ms: stacktrace:
TimedPromise/<@chrome://marionette/content/sync.js:245:13
TimedPromise@chrome://marionette/content/sync.js:230:10
interaction.flushEventLoop@chrome://marionette/content/interaction.js:416:10
webdriverClickElement@chrome://marionette/content/interaction.js:182:31
1600327772605	Marionette	INFO	Stopped listening on port 40961
JavaScript error: resource://gre/modules/Prompter.jsm, line 1189: NS_ERROR_NOT_AVAILABLE: prompt aborted by user
1600329002180	geckodriver	INFO	Listening on 127.0.0.1:43015
1600329002192	mozrunner::runner	INFO	Running command: "/usr/bin/firefox" "--marionette" "-foreground" "-no-remote" "-profile" "/tmp/rust_mozprofilejLjDyi"
1600329007993	Marionette	INFO	Listening on port 34145
1600329008020	Marionette	WARN	TLS certificate errors will be ignored for this session
1600329052455	geckodriver	INFO	Listening on 127.0.0.1:40795
1600329052471	mozrunner::runner	INFO	Running command: "/usr/bin/firefox" "--marionette" "-foreground" "-no-remote" "-profile" "/tmp/rust_mozprofileFQWB7F"
1600329059593	Marionette	INFO	Listening on port 37459
1600329059616	Marionette	WARN	TLS certificate errors will be ignored for this session
1600329091386	Marionette	INFO	Stopped listening on port 37459
1600329485299	geckodriver	INFO	Listening on 127.0.0.1:47019
1600329485313	mozrunner::runner	INFO	Running command: "/usr/bin/firefox" "--marionette" "-foreground" "-no-remote" "-profile" "/tmp/rust_mozprofileR7cULm"
1600329490913	Marionette	INFO	Listening on port 38677
1600329490948	Marionette	WARN	TLS certificate errors will be ignored for this session
1600329492678	Marionette	WARN	TimedPromise timed out after 500 ms: stacktrace:
TimedPromise/<@chrome://marionette/content/sync.js:245:13
TimedPromise@chrome://marionette/content/sync.js:230:10
interaction.flushEventLoop@chrome://marionette/content/interaction.js:416:10
webdriverClickElement@chrome://marionette/content/interaction.js:182:31
1600329512497	Marionette	INFO	Stopped listening on port 38677
1600331703059	geckodriver	INFO	Listening on 127.0.0.1:53555
1600331703074	mozrunner::runner	INFO	Running command: "/usr/bin/firefox" "--marionette" "-foreground" "-no-remote" "-profile" "/tmp/rust_mozprofileiwwPDW"
1600331958886	geckodriver	INFO	Listening on 127.0.0.1:56587
1600331958898	mozrunner::runner	INFO	Running command: "/usr/bin/firefox" "--marionette" "-foreground" "-no-remote" "-profile" "/tmp/rust_mozprofilezMkQwK"
1600331964116	Marionette	INFO	Listening on port 43075
1600331964139	Marionette	WARN	TLS certificate errors will be ignored for this session
1600332002347	Marionette	INFO	Stopped listening on port 43075
1600332123885	geckodriver	INFO	Listening on 127.0.0.1:38047
1600332124896	mozrunner::runner	INFO	Running command: "/usr/bin/firefox" "--marionette" "-foreground" "-no-remote" "-profile" "/tmp/rust_mozprofileB1n7Q0"
1600332130074	Marionette	INFO	Listening on port 44207
1600332130152	Marionette	WARN	TLS certificate errors will be ignored for this session
1600332133243	Marionette	WARN	TimedPromise timed out after 500 ms: stacktrace:
TimedPromise/<@chrome://marionette/content/sync.js:245:13
TimedPromise@chrome://marionette/content/sync.js:230:10
interaction.flushEventLoop@chrome://marionette/content/interaction.js:416:10
webdriverClickElement@chrome://marionette/content/interaction.js:182:31
1600332164911	Marionette	INFO	Stopped listening on port 44207
JavaScript error: resource://gre/modules/Prompter.jsm, line 1189: NS_ERROR_NOT_AVAILABLE: prompt aborted by user
1600332169462	geckodriver	INFO	Listening on 127.0.0.1:52087
1600332169478	mozrunner::runner	INFO	Running command: "/usr/bin/firefox" "--marionette" "-foreground" "-no-remote" "-profile" "/tmp/rust_mozprofilebMzaaG"
1600332175403	Marionette	INFO	Listening on port 45713
1600332175424	Marionette	WARN	TLS certificate errors will be ignored for this session
1600332178837	Marionette	WARN	TimedPromise timed out after 500 ms: stacktrace:
TimedPromise/<@chrome://marionette/content/sync.js:245:13
TimedPromise@chrome://marionette/content/sync.js:230:10
interaction.flushEventLoop@chrome://marionette/content/interaction.js:416:10
webdriverClickElement@chrome://marionette/content/interaction.js:182:31
1600332186481	Marionette	INFO	Stopped listening on port 45713
1600332262790	geckodriver	INFO	Listening on 127.0.0.1:53545
1600332262803	mozrunner::runner	INFO	Running command: "/usr/bin/firefox" "--marionette" "-foreground" "-no-remote" "-profile" "/tmp/rust_mozprofile1Y5VM5"
1600332268042	Marionette	INFO	Listening on port 43485
1600332268146	Marionette	WARN	TLS certificate errors will be ignored for this session
1600332274001	Marionette	WARN	TimedPromise timed out after 500 ms: stacktrace:
TimedPromise/<@chrome://marionette/content/sync.js:245:13
TimedPromise@chrome://marionette/content/sync.js:230:10
interaction.flushEventLoop@chrome://marionette/content/interaction.js:416:10
webdriverClickElement@chrome://marionette/content/interaction.js:182:31
1600332304025	Marionette	INFO	Stopped listening on port 43485
JavaScript error: resource://gre/modules/Prompter.jsm, line 1189: NS_ERROR_NOT_AVAILABLE: prompt aborted by user
1600332398602	geckodriver	INFO	Listening on 127.0.0.1:37925
1600332398614	mozrunner::runner	INFO	Running command: "/usr/bin/firefox" "--marionette" "-foreground" "-no-remote" "-profile" "/tmp/rust_mozprofileCzCKoG"
1600332403844	Marionette	INFO	Listening on port 39099
1600332403941	Marionette	WARN	TLS certificate errors will be ignored for this session
1600332407823	Marionette	WARN	TimedPromise timed out after 500 ms: stacktrace:
TimedPromise/<@chrome://marionette/content/sync.js:245:13
TimedPromise@chrome://marionette/content/sync.js:230:10
interaction.flushEventLoop@chrome://marionette/content/interaction.js:416:10
webdriverClickElement@chrome://marionette/content/interaction.js:182:31
1600332438137	Marionette	INFO	Stopped listening on port 39099
JavaScript error: resource://gre/modules/Prompter.jsm, line 1189: NS_ERROR_NOT_AVAILABLE: prompt aborted by user
1600333714116	geckodriver	INFO	Listening on 127.0.0.1:35535
1600333715130	mozrunner::runner	INFO	Running command: "/usr/bin/firefox" "--marionette" "-foreground" "-no-remote" "-profile" "/tmp/rust_mozprofilehc8qTr"
1600333721046	Marionette	INFO	Listening on port 44877
1600333721079	Marionette	WARN	TLS certificate errors will be ignored for this session
1600333753020	Marionette	INFO	Stopped listening on port 44877
1600333776413	geckodriver	INFO	Listening on 127.0.0.1:49065
1600333776426	mozrunner::runner	INFO	Running command: "/usr/bin/firefox" "--marionette" "-foreground" "-no-remote" "-profile" "/tmp/rust_mozprofileyCBCUZ"
1600333782719	Marionette	INFO	Listening on port 35959
1600333782771	Marionette	WARN	TLS certificate errors will be ignored for this session
1600333791534	Marionette	INFO	Stopped listening on port 35959
1600333839326	geckodriver	INFO	Listening on 127.0.0.1:47431
1600333839337	mozrunner::runner	INFO	Running command: "/usr/bin/firefox" "--marionette" "-foreground" "-no-remote" "-profile" "/tmp/rust_mozprofileLoM1hE"
1600333844776	Marionette	INFO	Listening on port 43425
1600333844878	Marionette	WARN	TLS certificate errors will be ignored for this session
1600333848116	Marionette	WARN	TimedPromise timed out after 500 ms: stacktrace:
TimedPromise/<@chrome://marionette/content/sync.js:245:13
TimedPromise@chrome://marionette/content/sync.js:230:10
interaction.flushEventLoop@chrome://marionette/content/interaction.js:416:10
webdriverClickElement@chrome://marionette/content/interaction.js:182:31
1600333879472	Marionette	INFO	Stopped listening on port 43425
JavaScript error: http://suninjuly.github.io/jquery_min.js, line 76: ReferenceError: $ is not defined
JavaScript error: resource://gre/modules/Prompter.jsm, line 1189: NS_ERROR_NOT_AVAILABLE: prompt aborted by user
1600333978751	geckodriver	INFO	Listening on 127.0.0.1:34505
1600333978764	mozrunner::runner	INFO	Running command: "/usr/bin/firefox" "--marionette" "-foreground" "-no-remote" "-profile" "/tmp/rust_mozprofileao1HlQ"
1600333984669	Marionette	INFO	Listening on port 46055
1600333984707	Marionette	WARN	TLS certificate errors will be ignored for this session
console.error: "Store does not have a valid reducer. Make sure the argument passed to combineReducers is an object whose values are reducers."
console.warn: LoginRecipes: "getRecipes: falling back to a synchronous message for:" "http://suninjuly.github.io"
1600334016806	Marionette	INFO	Stopped listening on port 46055
1600334127646	geckodriver	INFO	Listening on 127.0.0.1:50809
1600334127660	mozrunner::runner	INFO	Running command: "/usr/bin/firefox" "--marionette" "-foreground" "-no-remote" "-profile" "/tmp/rust_mozprofileYe9Q9o"
1600334133159	Marionette	INFO	Listening on port 40541
1600334133204	Marionette	WARN	TLS certificate errors will be ignored for this session
1600334141159	Marionette	WARN	TimedPromise timed out after 500 ms: stacktrace:
TimedPromise/<@chrome://marionette/content/sync.js:245:13
TimedPromise@chrome://marionette/content/sync.js:230:10
interaction.flushEventLoop@chrome://marionette/content/interaction.js:416:10
webdriverClickElement@chrome://marionette/content/interaction.js:182:31
1600334152890	Marionette	INFO	Stopped listening on port 40541
1600342233604	geckodriver	INFO	Listening on 127.0.0.1:34003
1600342233617	mozrunner::runner	INFO	Running command: "/usr/bin/firefox" "--marionette" "-foreground" "-no-remote" "-profile" "/tmp/rust_mozprofiledL9w79"
JavaScript error: resource://gre/modules/URIFixup.jsm, line 281: NS_ERROR_FAILURE: Should pass a non-null uri
1600342239079	Marionette	INFO	Listening on port 39981
1600342239146	Marionette	WARN	TLS certificate errors will be ignored for this session
1600342270756	Marionette	INFO	Stopped listening on port 39981
1600342583350	geckodriver	INFO	Listening on 127.0.0.1:35889
1600342583363	mozrunner::runner	INFO	Running command: "/usr/bin/firefox" "--marionette" "-foreground" "-no-remote" "-profile" "/tmp/rust_mozprofilesvs6Is"
1600342588927	Marionette	INFO	Listening on port 39921
1600342588994	Marionette	WARN	TLS certificate errors will be ignored for this session
1600342594660	Marionette	WARN	TimedPromise timed out after 500 ms: stacktrace:
TimedPromise/<@chrome://marionette/content/sync.js:245:13
TimedPromise@chrome://marionette/content/sync.js:230:10
interaction.flushEventLoop@chrome://marionette/content/interaction.js:416:10
webdriverClickElement@chrome://marionette/content/interaction.js:182:31
1600342616480	Marionette	INFO	Stopped listening on port 39921
1600342767981	geckodriver	INFO	Listening on 127.0.0.1:43577
1600342767995	mozrunner::runner	INFO	Running command: "/usr/bin/firefox" "--marionette" "-foreground" "-no-remote" "-profile" "/tmp/rust_mozprofileEOfrug"
1600342773764	Marionette	INFO	Listening on port 46815
1600342773854	Marionette	WARN	TLS certificate errors will be ignored for this session
1600342818773	Marionette	INFO	Stopped listening on port 46815
1600344815191	geckodriver	INFO	Listening on 127.0.0.1:51903
1600344815206	mozrunner::runner	INFO	Running command: "/usr/bin/firefox" "--marionette" "-foreground" "-no-remote" "-profile" "/tmp/rust_mozprofileG1NnJB"
1600344820877	Marionette	INFO	Listening on port 37753
1600344820929	Marionette	WARN	TLS certificate errors will be ignored for this session
1600344853151	Marionette	INFO	Stopped listening on port 37753
1600345035255	geckodriver	INFO	Listening on 127.0.0.1:34675
1600345035267	mozrunner::runner	INFO	Running command: "/usr/bin/firefox" "--marionette" "-foreground" "-no-remote" "-profile" "/tmp/rust_mozprofile9IpEWY"
1600345040684	Marionette	INFO	Listening on port 44897
1600345040707	Marionette	WARN	TLS certificate errors will be ignored for this session
1600345072707	Marionette	INFO	Stopped listening on port 44897
1600345222302	geckodriver	INFO	Listening on 127.0.0.1:45297
1600345222313	mozrunner::runner	INFO	Running command: "/usr/bin/firefox" "--marionette" "-foreground" "-no-remote" "-profile" "/tmp/rust_mozprofilegDC3jy"
1600345227894	Marionette	INFO	Listening on port 41117
1600345227944	Marionette	WARN	TLS certificate errors will be ignored for this session
1600345259655	Marionette	INFO	Stopped listening on port 41117
1600345398286	geckodriver	INFO	Listening on 127.0.0.1:59947
1600345398297	mozrunner::runner	INFO	Running command: "/usr/bin/firefox" "--marionette" "-foreground" "-no-remote" "-profile" "/tmp/rust_mozprofiletfNbGQ"
1600345403505	Marionette	INFO	Listening on port 43227
1600345403520	Marionette	WARN	TLS certificate errors will be ignored for this session
1600345436822	Marionette	INFO	Stopped listening on port 43227
1600345891482	geckodriver	INFO	Listening on 127.0.0.1:45235
1600345891495	mozrunner::runner	INFO	Running command: "/usr/bin/firefox" "--marionette" "-foreground" "-no-remote" "-profile" "/tmp/rust_mozprofile7wV31b"
1600345897441	Marionette	INFO	Listening on port 33453
1600345897539	Marionette	WARN	TLS certificate errors will be ignored for this session
1600345929341	Marionette	INFO	Stopped listening on port 33453
1600346073064	geckodriver	INFO	Listening on 127.0.0.1:43701
1600346073078	mozrunner::runner	INFO	Running command: "/usr/bin/firefox" "--marionette" "-foreground" "-no-remote" "-profile" "/tmp/rust_mozprofile0hIlgi"
1600346078869	Marionette	INFO	Listening on port 42611
1600346078917	Marionette	WARN	TLS certificate errors will be ignored for this session
1600346111129	Marionette	INFO	Stopped listening on port 42611
1600349073529	geckodriver	INFO	Listening on 127.0.0.1:45777
1600349073541	mozrunner::runner	INFO	Running command: "/usr/bin/firefox" "--marionette" "-foreground" "-no-remote" "-profile" "/tmp/rust_mozprofileKC0LpY"
1600349078811	Marionette	INFO	Listening on port 39685
1600349078910	Marionette	WARN	TLS certificate errors will be ignored for this session
1600349120500	Marionette	INFO	Stopped listening on port 39685
1600350676917	geckodriver	INFO	Listening on 127.0.0.1:43211
1600350676930	mozrunner::runner	INFO	Running command: "/usr/bin/firefox" "--marionette" "-foreground" "-no-remote" "-profile" "/tmp/rust_mozprofilemRQ6z2"
1600350682324	Marionette	INFO	Listening on port 44089
1600350682352	Marionette	WARN	TLS certificate errors will be ignored for this session
console.error: "Store does not have a valid reducer. Make sure the argument passed to combineReducers is an object whose values are reducers."
1600350719649	Marionette	INFO	Stopped listening on port 44089
1600350772850	geckodriver	INFO	Listening on 127.0.0.1:55469
1600350772864	mozrunner::runner	INFO	Running command: "/usr/bin/firefox" "--marionette" "-foreground" "-no-remote" "-profile" "/tmp/rust_mozprofileEcxjFp"
1600350778563	Marionette	INFO	Listening on port 44193
1600350778600	Marionette	WARN	TLS certificate errors will be ignored for this session
1600350792327	Marionette	WARN	TimedPromise timed out after 500 ms: stacktrace:
TimedPromise/<@chrome://marionette/content/sync.js:245:13
TimedPromise@chrome://marionette/content/sync.js:230:10
interaction.flushEventLoop@chrome://marionette/content/interaction.js:416:10
webdriverClickElement@chrome://marionette/content/interaction.js:182:31
1600350820848	geckodriver	INFO	Listening on 127.0.0.1:34823
1600350820862	mozrunner::runner	INFO	Running command: "/usr/bin/firefox" "--marionette" "-foreground" "-no-remote" "-profile" "/tmp/rust_mozprofile0joz3C"
1600350826772	Marionette	INFO	Listening on port 43061
1600350826801	Marionette	WARN	TLS certificate errors will be ignored for this session
1600350838886	Marionette	WARN	TimedPromise timed out after 500 ms: stacktrace:
TimedPromise/<@chrome://marionette/content/sync.js:245:13
TimedPromise@chrome://marionette/content/sync.js:230:10
interaction.flushEventLoop@chrome://marionette/content/interaction.js:416:10
webdriverClickElement@chrome://marionette/content/interaction.js:182:31
1600350851932	geckodriver	INFO	Listening on 127.0.0.1:47541
1600350851948	mozrunner::runner	INFO	Running command: "/usr/bin/firefox" "--marionette" "-foreground" "-no-remote" "-profile" "/tmp/rust_mozprofileTVgMZz"
1600350857835	Marionette	INFO	Listening on port 44639
1600350857887	Marionette	WARN	TLS certificate errors will be ignored for this session
1600350870792	Marionette	INFO	Stopped listening on port 44639
1600350924109	geckodriver	INFO	Listening on 127.0.0.1:55291
1600350924121	mozrunner::runner	INFO	Running command: "/usr/bin/firefox" "--marionette" "-foreground" "-no-remote" "-profile" "/tmp/rust_mozprofile6e6xAH"
1600350930016	Marionette	INFO	Listening on port 43963
1600350930048	Marionette	WARN	TLS certificate errors will be ignored for this session
1600350964698	Marionette	INFO	Stopped listening on port 43963
1600350985819	geckodriver	INFO	Listening on 127.0.0.1:40055
1600350985831	mozrunner::runner	INFO	Running command: "/usr/bin/firefox" "--marionette" "-foreground" "-no-remote" "-profile" "/tmp/rust_mozprofilevetqNE"
1600350991522	Marionette	INFO	Listening on port 33599
1600350991556	Marionette	WARN	TLS certificate errors will be ignored for this session
1600351004119	Marionette	WARN	TimedPromise timed out after 500 ms: stacktrace:
TimedPromise/<@chrome://marionette/content/sync.js:245:13
TimedPromise@chrome://marionette/content/sync.js:230:10
interaction.flushEventLoop@chrome://marionette/content/interaction.js:416:10
webdriverClickElement@chrome://marionette/content/interaction.js:182:31
JavaScript error: resource://gre/modules/Prompter.jsm, line 1189: NS_ERROR_NOT_AVAILABLE: prompt aborted by user
JavaScript error: chrome://marionette/content/proxy.js, line 287: NS_ERROR_NOT_INITIALIZED: 
1600351021151	Marionette	INFO	Stopped listening on port 33599
